<?xml version="1.0" encoding="UTF-8"?>
<testng-results skipped="0" failed="1" ignored="1" total="2" passed="0">
  <reporter-output>
  </reporter-output>
  <suite name="Default suite" duration-ms="271" started-at="2018-09-17T06:54:14Z" finished-at="2018-09-17T06:54:14Z">
    <groups>
    </groups>
    <test name="Default test" duration-ms="271" started-at="2018-09-17T06:54:14Z" finished-at="2018-09-17T06:54:14Z">
      <class name="com.irctc.common.TestCase">
        <test-method status="PASS" signature="systemStartUpConfiguration()[pri:0, instance:com.irctc.common.TestCase@1891008]" name="systemStartUpConfiguration" is-config="true" duration-ms="1135" started-at="2018-09-17T12:24:13Z" finished-at="2018-09-17T12:24:14Z">
          <reporter-output>
          </reporter-output>
        </test-method> <!-- systemStartUpConfiguration -->
        <test-method status="FAIL" signature="login2()[pri:2, instance:com.irctc.common.TestCase@1891008]" name="login2" duration-ms="238" started-at="2018-09-17T12:24:14Z" finished-at="2018-09-17T12:24:14Z">
          <exception class="org.openqa.selenium.WebDriverException">
            <message>
              <![CDATA[Failed to decode response from marionette
Build info: version: '3.8.1', revision: '6e95a6684b', time: '2017-12-01T18:33:54.468Z'
System info: host: 'NOD-WIN-BS40', ip: '10.50.8.149', os.name: 'Windows 7', os.arch: 'x86', os.version: '6.1', java.version: '1.8.0_144'
Driver info: org.openqa.selenium.firefox.FirefoxDriver
Capabilities {acceptInsecureCerts: true, browserName: firefox, browserVersion: 56.0, javascriptEnabled: true, moz:accessibilityChecks: false, moz:headless: false, moz:processID: 10492, moz:profile: C:\Users\rahul.jayant\AppDa..., pageLoadStrategy: normal, platform: XP, platformName: XP, platformVersion: 6.1, rotatable: false, specificationLevel: 0, timeouts: {implicit: 0, pageLoad: 300000, script: 30000}}
Session ID: d857e5da-b88b-460e-833f-c7e64dddd8e6]]>
            </message>
            <full-stacktrace>
              <![CDATA[org.openqa.selenium.WebDriverException: Failed to decode response from marionette
Build info: version: '3.8.1', revision: '6e95a6684b', time: '2017-12-01T18:33:54.468Z'
System info: host: 'NOD-WIN-BS40', ip: '10.50.8.149', os.name: 'Windows 7', os.arch: 'x86', os.version: '6.1', java.version: '1.8.0_144'
Driver info: org.openqa.selenium.firefox.FirefoxDriver
Capabilities {acceptInsecureCerts: true, browserName: firefox, browserVersion: 56.0, javascriptEnabled: true, moz:accessibilityChecks: false, moz:headless: false, moz:processID: 10492, moz:profile: C:\Users\rahul.jayant\AppDa..., pageLoadStrategy: normal, platform: XP, platformName: XP, platformVersion: 6.1, rotatable: false, specificationLevel: 0, timeouts: {implicit: 0, pageLoad: 300000, script: 30000}}
Session ID: d857e5da-b88b-460e-833f-c7e64dddd8e6
	at sun.reflect.NativeConstructorAccessorImpl.newInstance0(Native Method)
	at sun.reflect.NativeConstructorAccessorImpl.newInstance(Unknown Source)
	at sun.reflect.DelegatingConstructorAccessorImpl.newInstance(Unknown Source)
	at java.lang.reflect.Constructor.newInstance(Unknown Source)
	at org.openqa.selenium.remote.http.W3CHttpResponseCodec.createException(W3CHttpResponseCodec.java:187)
	at org.openqa.selenium.remote.http.W3CHttpResponseCodec.decode(W3CHttpResponseCodec.java:122)
	at org.openqa.selenium.remote.http.W3CHttpResponseCodec.decode(W3CHttpResponseCodec.java:49)
	at org.openqa.selenium.remote.HttpCommandExecutor.execute(HttpCommandExecutor.java:164)
	at org.openqa.selenium.remote.service.DriverCommandExecutor.execute(DriverCommandExecutor.java:83)
	at org.openqa.selenium.remote.RemoteWebDriver.execute(RemoteWebDriver.java:601)
	at org.openqa.selenium.remote.RemoteWebDriver.execute(RemoteWebDriver.java:658)
	at org.openqa.selenium.remote.RemoteWebDriver.getWindowHandle(RemoteWebDriver.java:518)
	at com.irctc.modules.Login2.log(Login2.java:42)
	at com.irctc.common.TestCase.login2(TestCase.java:39)
	at sun.reflect.NativeMethodAccessorImpl.invoke0(Native Method)
	at sun.reflect.NativeMethodAccessorImpl.invoke(Unknown Source)
	at sun.reflect.DelegatingMethodAccessorImpl.invoke(Unknown Source)
	at java.lang.reflect.Method.invoke(Unknown Source)
	at org.testng.internal.MethodInvocationHelper.invokeMethod(MethodInvocationHelper.java:108)
	at org.testng.internal.Invoker.invokeMethod(Invoker.java:661)
	at org.testng.internal.Invoker.invokeTestMethod(Invoker.java:869)
	at org.testng.internal.Invoker.invokeTestMethods(Invoker.java:1193)
	at org.testng.internal.TestMethodWorker.invokeTestMethods(TestMethodWorker.java:126)
	at org.testng.internal.TestMethodWorker.run(TestMethodWorker.java:109)
	at org.testng.TestRunner.privateRun(TestRunner.java:744)
	at org.testng.TestRunner.run(TestRunner.java:602)
	at org.testng.SuiteRunner.runTest(SuiteRunner.java:380)
	at org.testng.SuiteRunner.runSequentially(SuiteRunner.java:375)
	at org.testng.SuiteRunner.privateRun(SuiteRunner.java:340)
	at org.testng.SuiteRunner.run(SuiteRunner.java:289)
	at org.testng.SuiteRunnerWorker.runSuite(SuiteRunnerWorker.java:52)
	at org.testng.SuiteRunnerWorker.run(SuiteRunnerWorker.java:86)
	at org.testng.TestNG.runSuitesSequentially(TestNG.java:1301)
	at org.testng.TestNG.runSuitesLocally(TestNG.java:1226)
	at org.testng.TestNG.runSuites(TestNG.java:1144)
	at org.testng.TestNG.run(TestNG.java:1115)
	at org.testng.remote.AbstractRemoteTestNG.run(AbstractRemoteTestNG.java:114)
	at org.testng.remote.RemoteTestNG.initAndRun(RemoteTestNG.java:251)
	at org.testng.remote.RemoteTestNG.main(RemoteTestNG.java:77)
]]>
            </full-stacktrace>
          </exception> <!-- org.openqa.selenium.WebDriverException -->
          <reporter-output>
          </reporter-output>
        </test-method> <!-- login2 -->
      </class> <!-- com.irctc.common.TestCase -->
    </test> <!-- Default test -->
  </suite> <!-- Default suite -->
</testng-results>
